{"stats": {"errors": 12, "failures": 0, "passes": 0, "skipped": 0, "encoding": "UTF-8", "total": 12}, "results": [{"classname": "index_test:TestAggregateFunctions", "name": "test_average_hr_per_year", "time": 0.0003762245178222656, "type": "error", "errtype": "builtins.NameError", "message": "name 'average_hr_per_year' is not defined", "tb": "Traceback (most recent call last):\n  File \"/opt/conda/lib/python3.6/unittest/case.py\", line 59, in testPartExecutor\n    yield\n  File \"/opt/conda/lib/python3.6/unittest/case.py\", line 605, in run\n    testMethod()\n  File \"/home/slieb74/sql-queries-with-aggregate-functions-lab-nyc-career-ds-062518/test/index_test.py\", line 46, in test_average_hr_per_year\n    result = cursor.execute(average_hr_per_year()).fetchall()[0][0]\nNameError: name 'average_hr_per_year' is not defined\n"}, {"classname": "index_test:TestAggregateFunctions", "name": "test_avg_batting_avg_aliased_as_career_average", "time": 0.000232696533203125, "type": "error", "errtype": "builtins.NameError", "message": "name 'avg_batting_avg_aliased_as_career_average' is not defined", "tb": "Traceback (most recent call last):\n  File \"/opt/conda/lib/python3.6/unittest/case.py\", line 59, in testPartExecutor\n    yield\n  File \"/opt/conda/lib/python3.6/unittest/case.py\", line 605, in run\n    testMethod()\n  File \"/home/slieb74/sql-queries-with-aggregate-functions-lab-nyc-career-ds-062518/test/index_test.py\", line 56, in test_avg_batting_avg_aliased_as_career_average\n    result = cursor.execute(avg_batting_avg_aliased_as_career_average()).fetchall()[0][0]\nNameError: name 'avg_batting_avg_aliased_as_career_average' is not defined\n"}, {"classname": "index_test:TestAggregateFunctions", "name": "test_least_hr", "time": 0.00011038780212402344, "type": "error", "errtype": "builtins.NameError", "message": "name 'least_hr' is not defined", "tb": "Traceback (most recent call last):\n  File \"/opt/conda/lib/python3.6/unittest/case.py\", line 59, in testPartExecutor\n    yield\n  File \"/opt/conda/lib/python3.6/unittest/case.py\", line 605, in run\n    testMethod()\n  File \"/home/slieb74/sql-queries-with-aggregate-functions-lab-nyc-career-ds-062518/test/index_test.py\", line 25, in test_least_hr\n    self.assertEqual(cursor.execute(least_hr()).fetchall(), result)\nNameError: name 'least_hr' is not defined\n"}, {"classname": "index_test:TestAggregateFunctions", "name": "test_most_hr", "time": 0.00015401840209960938, "type": "error", "errtype": "builtins.NameError", "message": "name 'most_hr' is not defined", "tb": "Traceback (most recent call last):\n  File \"/opt/conda/lib/python3.6/unittest/case.py\", line 59, in testPartExecutor\n    yield\n  File \"/opt/conda/lib/python3.6/unittest/case.py\", line 605, in run\n    testMethod()\n  File \"/home/slieb74/sql-queries-with-aggregate-functions-lab-nyc-career-ds-062518/test/index_test.py\", line 21, in test_most_hr\n    self.assertEqual(cursor.execute(most_hr()).fetchall(), result)\nNameError: name 'most_hr' is not defined\n"}, {"classname": "index_test:TestAggregateFunctions", "name": "test_select_yr_and_min_hr_with_at_least_100_games", "time": 0.00019240379333496094, "type": "error", "errtype": "builtins.NameError", "message": "name 'select_yr_and_min_hr_with_at_least_100_games' is not defined", "tb": "Traceback (most recent call last):\n  File \"/opt/conda/lib/python3.6/unittest/case.py\", line 59, in testPartExecutor\n    yield\n  File \"/opt/conda/lib/python3.6/unittest/case.py\", line 605, in run\n    testMethod()\n  File \"/home/slieb74/sql-queries-with-aggregate-functions-lab-nyc-career-ds-062518/test/index_test.py\", line 33, in test_select_yr_and_min_hr_with_at_least_100_games\n    self.assertEqual(cursor.execute(select_yr_and_min_hr_with_at_least_100_games()).fetchall(), result)\nNameError: name 'select_yr_and_min_hr_with_at_least_100_games' is not defined\n"}, {"classname": "index_test:TestAggregateFunctions", "name": "test_total_hr", "time": 0.0001766681671142578, "type": "error", "errtype": "builtins.NameError", "message": "name 'total_hr' is not defined", "tb": "Traceback (most recent call last):\n  File \"/opt/conda/lib/python3.6/unittest/case.py\", line 59, in testPartExecutor\n    yield\n  File \"/opt/conda/lib/python3.6/unittest/case.py\", line 605, in run\n    testMethod()\n  File \"/home/slieb74/sql-queries-with-aggregate-functions-lab-nyc-career-ds-062518/test/index_test.py\", line 37, in test_total_hr\n    self.assertEqual(cursor.execute(total_hr()).fetchall(), result)\nNameError: name 'total_hr' is not defined\n"}, {"classname": "index_test:TestAggregateFunctions", "name": "test_total_seasons", "time": 0.0001678466796875, "type": "error", "errtype": "builtins.NameError", "message": "name 'total_seasons' is not defined", "tb": "Traceback (most recent call last):\n  File \"/opt/conda/lib/python3.6/unittest/case.py\", line 59, in testPartExecutor\n    yield\n  File \"/opt/conda/lib/python3.6/unittest/case.py\", line 605, in run\n    testMethod()\n  File \"/home/slieb74/sql-queries-with-aggregate-functions-lab-nyc-career-ds-062518/test/index_test.py\", line 13, in test_total_seasons\n    self.assertEqual(cursor.execute(total_seasons()).fetchall(), result)\nNameError: name 'total_seasons' is not defined\n"}, {"classname": "index_test:TestAggregateFunctions", "name": "test_total_seasons_with_ny", "time": 0.00016689300537109375, "type": "error", "errtype": "builtins.NameError", "message": "name 'total_seasons_with_ny' is not defined", "tb": "Traceback (most recent call last):\n  File \"/opt/conda/lib/python3.6/unittest/case.py\", line 59, in testPartExecutor\n    yield\n  File \"/opt/conda/lib/python3.6/unittest/case.py\", line 605, in run\n    testMethod()\n  File \"/home/slieb74/sql-queries-with-aggregate-functions-lab-nyc-career-ds-062518/test/index_test.py\", line 17, in test_total_seasons_with_ny\n    self.assertEqual(cursor.execute(total_seasons_with_ny()).fetchall(), result)\nNameError: name 'total_seasons_with_ny' is not defined\n"}, {"classname": "index_test:TestAggregateFunctions", "name": "test_total_years_and_hits_per_team", "time": 0.0002033710479736328, "type": "error", "errtype": "builtins.NameError", "message": "name 'total_years_and_hits_per_team' is not defined", "tb": "Traceback (most recent call last):\n  File \"/opt/conda/lib/python3.6/unittest/case.py\", line 59, in testPartExecutor\n    yield\n  File \"/opt/conda/lib/python3.6/unittest/case.py\", line 605, in run\n    testMethod()\n  File \"/home/slieb74/sql-queries-with-aggregate-functions-lab-nyc-career-ds-062518/test/index_test.py\", line 70, in test_total_years_and_hits_per_team\n    self.assertEqual(cursor.execute(total_years_and_hits_per_team()).fetchall(), result)\nNameError: name 'total_years_and_hits_per_team' is not defined\n"}, {"classname": "index_test:TestAggregateFunctions", "name": "test_total_years_and_hr_per_team_ordered_by_hr", "time": 0.00018453598022460938, "type": "error", "errtype": "builtins.NameError", "message": "name 'total_years_and_hr_per_team_ordered_by_hr' is not defined", "tb": "Traceback (most recent call last):\n  File \"/opt/conda/lib/python3.6/unittest/case.py\", line 59, in testPartExecutor\n    yield\n  File \"/opt/conda/lib/python3.6/unittest/case.py\", line 605, in run\n    testMethod()\n  File \"/home/slieb74/sql-queries-with-aggregate-functions-lab-nyc-career-ds-062518/test/index_test.py\", line 74, in test_total_years_and_hr_per_team_ordered_by_hr\n    self.assertEqual(cursor.execute(total_years_and_hr_per_team_ordered_by_hr()).fetchall(), result)\nNameError: name 'total_years_and_hr_per_team_ordered_by_hr' is not defined\n"}, {"classname": "index_test:TestAggregateFunctions", "name": "test_year_and_games_with_least_hr", "time": 0.00018644332885742188, "type": "error", "errtype": "builtins.NameError", "message": "name 'year_and_games_with_least_hr' is not defined", "tb": "Traceback (most recent call last):\n  File \"/opt/conda/lib/python3.6/unittest/case.py\", line 59, in testPartExecutor\n    yield\n  File \"/opt/conda/lib/python3.6/unittest/case.py\", line 605, in run\n    testMethod()\n  File \"/home/slieb74/sql-queries-with-aggregate-functions-lab-nyc-career-ds-062518/test/index_test.py\", line 29, in test_year_and_games_with_least_hr\n    self.assertEqual(cursor.execute(year_and_games_with_least_hr()).fetchall(), result)\nNameError: name 'year_and_games_with_least_hr' is not defined\n"}, {"classname": "index_test:TestAggregateFunctions", "name": "test_years_with_on_base_over_300", "time": 0.0001270771026611328, "type": "error", "errtype": "builtins.NameError", "message": "name 'years_with_on_base_over_300' is not defined", "tb": "Traceback (most recent call last):\n  File \"/opt/conda/lib/python3.6/unittest/case.py\", line 59, in testPartExecutor\n    yield\n  File \"/opt/conda/lib/python3.6/unittest/case.py\", line 605, in run\n    testMethod()\n  File \"/home/slieb74/sql-queries-with-aggregate-functions-lab-nyc-career-ds-062518/test/index_test.py\", line 78, in test_years_with_on_base_over_300\n    self.assertEqual(cursor.execute(years_with_on_base_over_300()).fetchall(), result)\nNameError: name 'years_with_on_base_over_300' is not defined\n"}]}